<?xml version="1.0" encoding="UTF-8"?>
<alr:test-suite xmlns:alr="urn:model.allure.qatools.yandex.ru" start="1603835459392" stop="1603835548931" version="1.4.0">
  <name>Guidance\Tests\Project\.Test/Project</name>
  <test-cases>
    <test-case start="1603835459404" stop="1603835486865" status="broken">
      <name>T3MicroDenmark</name>
      <failure>
        <message>element not interactable
  (Session info: chrome=86.0.4240.111)</message>
        <stack-trace>#0 /Users/whazle/Desktop/T3Tests/vendor/phpunit/phpunit/src/Framework/TestSuite.php(665): Codeception\Test\Test-&gt;run(Object(PHPUnit\Framework\TestResult))
#1 /Users/whazle/Desktop/T3Tests/vendor/codeception/phpunit-wrapper/src/Runner.php(117): PHPUnit\Framework\TestSuite-&gt;run(Object(PHPUnit\Framework\TestResult))
#2 /Users/whazle/Desktop/T3Tests/vendor/codeception/codeception/src/Codeception/SuiteManager.php(161): Codeception\PHPUnit\Runner-&gt;doEnhancedRun(Object(Codeception\Suite), Object(PHPUnit\Framework\TestResult), Array)
#3 /Users/whazle/Desktop/T3Tests/vendor/codeception/codeception/src/Codeception/Codecept.php(196): Codeception\SuiteManager-&gt;run(Object(Codeception\PHPUnit\Runner), Object(PHPUnit\Framework\TestResult), Array)
#4 /Users/whazle/Desktop/T3Tests/vendor/guidance/tests_base/src/Codeception/Launcher.php(93): Codeception\Codecept-&gt;runSuite(Array, 'Test/Project', 'DemoCest.php')
#5 /Users/whazle/Desktop/T3Tests/bin/dev(62): Guidance\Tests\Base\Codeception\Launcher-&gt;launch()
#6 {main}</stack-trace>
      </failure>
      <steps>
        <step start="1603835461985" stop="1603835463920" status="passed">
          <name>am on url "https://www•t3micro•dk/en/"</name>
        </step>
        <step start="1603835463921" stop="1603835465926" status="passed">
          <name>wait 2</name>
        </step>
        <step start="1603835465926" stop="1603835466237" status="passed">
          <name>maximize window </name>
        </step>
        <step start="1603835466237" stop="1603835473241" status="passed">
          <name>wait 7</name>
        </step>
        <step start="1603835473241" stop="1603835473381" status="passed">
          <name>click {"css":"#btn-cookie-allow &gt; span:nth-child(1)"}</name>
        </step>
        <step start="1603835473381" stop="1603835480385" status="passed">
          <name>wait 7</name>
        </step>
        <step start="1603835480385" stop="1603835480433" status="passed">
          <name>click {"css":"html body•cms-home•cms-index-index•page-layout-1column•yotpo-yotpo-is-enabled•_has-modal div•modals-wrapper aside•modal-popup•newsletter-modal•modal-slide•_show div•modal-inner-wrap div#mo•••}</name>
        </step>
        <step start="1603835480434" stop="1603835485438" status="passed">
          <name>wait 5</name>
        </step>
        <step start="1603835485438" stop="1603835485491" status="passed">
          <name>click {"css":"•icon-search"}</name>
        </step>
        <step start="1603835485491" stop="1603835485536" status="failed">
          <name>fill field {"id":"search"},"Dryer"</name>
        </step>
      </steps>
      <attachments>
        <attachment title="png" source="fcbee4f4fea157b72a38326b696ceca50109a742-attachment.png" type="image/png"/>
        <attachment title="html" source="02178580eccd41217ec5fb9424bde4e2ef680f9a-attachment.html" type="text/html"/>
      </attachments>
      <labels>
        <label name="testMethod" value="T3MicroDenmark"/>
        <label name="testClass" value="Guidance\Tests\Project\Test\Project\DemoCest"/>
      </labels>
    </test-case>
    <test-case start="1603835486867" stop="1603835548925" status="failed">
      <name>T3MicroSpain</name>
      <failure>
        <message>Failed asserting that  on page /en/asciugacapelli
--&gt; Free Shipping With €50 Purchase SHOP NOW
Spain
My Cart
Cura Dryer Shop
About T3
Tutorials Blog
Shop
About T3
Blog
Tutorials
Login
Create an Account
Spain
There was no 404 CMS page configured or found.
Sign up for news, updates and offers
Sign Up for Our Newsletter:
SIGN UP
Sign up for T3 Newslette
[Content too long to display. See complete response in '/Users/whazle/Desktop/T3Tests/config/codecept/../../vars/output/' directory]
--&gt; contains "asciugacapelli".</message>
        <stack-trace>#0 /Users/whazle/Desktop/T3Tests/vendor/phpunit/phpunit/src/Framework/Constraint/Constraint.php(55): PHPUnit\Framework\Constraint\Constraint-&gt;fail('Free Shipping W...', '')
#1 /Users/whazle/Desktop/T3Tests/vendor/phpunit/phpunit/src/Framework/Assert.php(2331): PHPUnit\Framework\Constraint\Constraint-&gt;evaluate('Free Shipping W...', '')
#2 /Users/whazle/Desktop/T3Tests/vendor/codeception/lib-asserts/src/Codeception/Util/Shared/InheritedAsserts.php(1369): PHPUnit\Framework\Assert::assertThat('Free Shipping W...', Object(Codeception\PHPUnit\Constraint\Page), '')
#3 /Users/whazle/Desktop/T3Tests/vendor/codeception/module-webdriver/src/Codeception/Module/WebDriver.php(2996): Codeception\Module-&gt;assertThat('Free Shipping W...', Object(Codeception\PHPUnit\Constraint\Page), '')
#4 /Users/whazle/Desktop/T3Tests/vendor/codeception/module-webdriver/src/Codeception/Module/WebDriver.php(929): Codeception\Module\WebDriver-&gt;assertPageContains('asciugacapelli')
#5 [internal function]: Codeception\Module\WebDriver-&gt;see('asciugacapelli')
#6 /Users/whazle/Desktop/T3Tests/vendor/codeception/codeception/src/Codeception/Step.php(268): call_user_func_array(Array, Array)
#7 /Users/whazle/Desktop/T3Tests/vendor/codeception/codeception/src/Codeception/Scenario.php(76): Codeception\Step-&gt;run(Object(Codeception\Lib\ModuleContainer))
#8 /Users/whazle/Desktop/T3Tests/src/_generated/ActorActions.php(633): Codeception\Scenario-&gt;runStep(Object(Codeception\Step\Assertion))
#9 /Users/whazle/Desktop/T3Tests/src/Test/Project/DemoCest.php(439): Guidance\Tests\Project\Actor-&gt;see('asciugacapelli')
#10 [internal function]: Guidance\Tests\Project\Test\Project\DemoCest-&gt;T3MicroSpain(Object(Guidance\Tests\Project\Actor))
#11 /Users/whazle/Desktop/T3Tests/vendor/codeception/codeception/src/Codeception/Lib/Di.php(127): ReflectionMethod-&gt;invokeArgs(Object(Guidance\Tests\Project\Test\Project\DemoCest), Array)
#12 /Users/whazle/Desktop/T3Tests/vendor/codeception/codeception/src/Codeception/Test/Cest.php(138): Codeception\Lib\Di-&gt;injectDependencies(Object(Guidance\Tests\Project\Test\Project\DemoCest), 'T3MicroSpain', Array)
#13 /Users/whazle/Desktop/T3Tests/vendor/codeception/codeception/src/Codeception/Test/Cest.php(150): Codeception\Test\Cest-&gt;invoke('T3MicroSpain', Array)
#14 /Users/whazle/Desktop/T3Tests/vendor/codeception/codeception/src/Codeception/Test/Cest.php(82): Codeception\Test\Cest-&gt;executeTestMethod(Object(Guidance\Tests\Project\Actor))
#15 /Users/whazle/Desktop/T3Tests/vendor/codeception/codeception/src/Codeception/Test/Test.php(98): Codeception\Test\Cest-&gt;test()
#16 /Users/whazle/Desktop/T3Tests/vendor/phpunit/phpunit/src/Framework/TestSuite.php(665): Codeception\Test\Test-&gt;run(Object(PHPUnit\Framework\TestResult))
#17 /Users/whazle/Desktop/T3Tests/vendor/codeception/phpunit-wrapper/src/Runner.php(117): PHPUnit\Framework\TestSuite-&gt;run(Object(PHPUnit\Framework\TestResult))
#18 /Users/whazle/Desktop/T3Tests/vendor/codeception/codeception/src/Codeception/SuiteManager.php(161): Codeception\PHPUnit\Runner-&gt;doEnhancedRun(Object(Codeception\Suite), Object(PHPUnit\Framework\TestResult), Array)
#19 /Users/whazle/Desktop/T3Tests/vendor/codeception/codeception/src/Codeception/Codecept.php(196): Codeception\SuiteManager-&gt;run(Object(Codeception\PHPUnit\Runner), Object(PHPUnit\Framework\TestResult), Array)
#20 /Users/whazle/Desktop/T3Tests/vendor/guidance/tests_base/src/Codeception/Launcher.php(93): Codeception\Codecept-&gt;runSuite(Array, 'Test/Project', 'DemoCest.php')
#21 /Users/whazle/Desktop/T3Tests/bin/dev(62): Guidance\Tests\Base\Codeception\Launcher-&gt;launch()
#22 {main}</stack-trace>
      </failure>
      <steps>
        <step start="1603835489073" stop="1603835491732" status="passed">
          <name>am on url "https://www•t3micro•es/"</name>
        </step>
        <step start="1603835491732" stop="1603835493733" status="passed">
          <name>wait 2</name>
        </step>
        <step start="1603835493733" stop="1603835494135" status="passed">
          <name>maximize window </name>
        </step>
        <step start="1603835494136" stop="1603835501138" status="passed">
          <name>wait 7</name>
        </step>
        <step start="1603835501138" stop="1603835501219" status="passed">
          <name>click {"css":"#btn-cookie-allow &gt; span:nth-child(1)"}</name>
        </step>
        <step start="1603835501219" stop="1603835508224" status="passed">
          <name>wait 7</name>
        </step>
        <step start="1603835508224" stop="1603835508280" status="passed">
          <name>click {"css":"html body•cms-home•cms-index-index•page-layout-1column•yotpo-yotpo-is-enabled•_has-modal div•modals-wrapper aside•modal-popup•newsletter-modal•modal-slide•_show div•modal-inner-wrap div#mo•••}</name>
        </step>
        <step start="1603835508280" stop="1603835513282" status="passed">
          <name>wait 5</name>
        </step>
        <step start="1603835513283" stop="1603835513342" status="passed">
          <name>click {"css":"•icon-search"}</name>
        </step>
        <step start="1603835513342" stop="1603835517344" status="passed">
          <name>wait 4</name>
        </step>
        <step start="1603835517344" stop="1603835517560" status="passed">
          <name>fill field {"id":"search"},"Dryer"</name>
        </step>
        <step start="1603835517560" stop="1603835521562" status="passed">
          <name>wait 4</name>
        </step>
        <step start="1603835521562" stop="1603835523409" status="passed">
          <name>press key {"id":"search"},""</name>
        </step>
        <step start="1603835523409" stop="1603835523756" status="passed">
          <name>see "dryer"</name>
        </step>
        <step start="1603835523756" stop="1603835526836" status="passed">
          <name>am on page "customer/account/login"</name>
        </step>
        <step start="1603835526836" stop="1603835531841" status="passed">
          <name>wait 5</name>
        </step>
        <step start="1603835531841" stop="1603835532003" status="passed">
          <name>fill field {"id":"email"},"wayne•hazle@guidance•com"</name>
        </step>
        <step start="1603835532003" stop="1603835535003" status="passed">
          <name>wait 3</name>
        </step>
        <step start="1603835535003" stop="1603835535139" status="passed">
          <name>fill field {"id":"pass"},"@Testing123"</name>
        </step>
        <step start="1603835535139" stop="1603835537143" status="passed">
          <name>wait 2</name>
        </step>
        <step start="1603835537143" stop="1603835537212" status="passed">
          <name>click {"id":"send2"}</name>
        </step>
        <step start="1603835537213" stop="1603835545214" status="passed">
          <name>wait 8</name>
        </step>
        <step start="1603835545214" stop="1603835547039" status="passed">
          <name>am on page "/it/asciugacapelli"</name>
        </step>
        <step start="1603835547040" stop="1603835547243" status="failed">
          <name>see "asciugacapelli"</name>
        </step>
      </steps>
      <attachments>
        <attachment title="png" source="4d173a9dbc7a6062813741ca58f651666e27d603-attachment.png" type="image/png"/>
        <attachment title="html" source="9477dafaf088b0120db8e2a49d5a75291a91fbd2-attachment.html" type="text/html"/>
      </attachments>
      <labels>
        <label name="testMethod" value="T3MicroSpain"/>
        <label name="testClass" value="Guidance\Tests\Project\Test\Project\DemoCest"/>
      </labels>
    </test-case>
  </test-cases>
</alr:test-suite>
